----------------------
STARTING in directory /scratch/p/pen/seaifan/Scintillometry/src
Wed Jul 27 00:59:46 EDT 2016
np 4096, rpn 16, omp 4
Loop 1
Loop 2
Loop 3
Loop 4
Loop 5
Loop 6
Loop 7
Loop 8
Loop 9
Loop 10
Loop 11
Loop 12
Loop 13
Loop 14
Loop 15
Loop 16
Loop 17
Loop 18
Loop 19
Loop 20
Loop 21
Loop 22
Loop 23
Loop 24
Loop 25
Loop 26
Loop 27
Loop 28
Loop 29
Loop 30
Loop 31
Loop 32
Loop 33
Loop 34
Loop 35
Loop 36
Loop 37
Loop 38
Loop 39
Loop 40
Loop 41
Loop 42
Loop 43
Loop 44
Loop 45
Loop 46
Loop 47
Loop 48
Loop 49
Loop 50
Loop 51
Loop 52
Loop 53
Loop 54
Loop 55
Loop 56
Loop 57
Loop 58
Loop 59
Loop 60
Loop 61
Loop 62
Loop 63
Loop 64
Loop 65
Loop 66
Loop 67
Loop 68
Loop 69
Loop 70
Loop 71
Loop 72
Loop 73
Loop 74
Loop 75
Loop 76
Loop 77
Loop 78
Loop 79
Loop 80
Loop 81
Loop 82
Loop 83
Loop 84
Loop 85
Loop 86
Loop 87
Loop 88
Loop 89
Loop 90
Loop 91
Loop 92
Loop 93
Loop 94
Loop 95
Loop 96
Loop 97
Loop 98
Loop 99
Loop 100
Loop 101
Loop 102
Loop 103
Loop 104
Loop 105
Loop 106
Loop 107
Loop 108
Loop 109
Loop 110
Loop 111
Loop 112
Loop 113
Loop 114
Loop 115
Loop 116
Loop 117
Loop 118
Loop 119
Loop 120
Loop 121
Loop 122
Loop 123
Loop 124
Loop 125
Loop 126
Loop 127
Loop 128
Loop 129
Loop 130
Loop 131
Loop 132
Loop 133
Loop 134
Loop 135
Loop 136
Loop 137
Loop 138
Loop 139
Loop 140
Loop 141
Loop 142
Loop 143
Loop 144
Loop 145
Loop 146
Loop 147
Loop 148
Loop 149
Loop 150
Loop 151
Loop 152
Loop 153
Loop 154
Loop 155
Loop 156
Loop 157
Loop 158
Loop 159
Loop 160
Loop 161
Loop 162
Loop 163
Loop 164
Loop 165
Loop 166
Loop 167
Loop 168
Loop 169
Loop 170
Loop 171
Loop 172
Loop 173
Loop 174
Loop 175
Loop 176
Loop 177
Loop 178
Loop 179
Loop 180
Loop 181
Loop 182
Loop 183
Loop 184
Loop 185
Loop 186
Loop 187
Loop 188
Loop 189
Loop 190
Loop 191
Loop 192
Loop 193
Loop 194
Loop 195
Loop 196
Loop 197
Loop 198
Loop 199
Loop 200
Loop 201
Loop 202
Loop 203
Loop 204
Loop 205
Loop 206
Loop 207
Loop 208
Loop 209
Loop 210
Loop 211
Loop 212
Loop 213
Loop 214
Loop 215
Loop 216
Loop 217
Loop 218
Loop 219
Loop 220
Loop 221
Loop 222
Loop 223
Loop 224
Loop 225
Loop 226
Loop 227
Loop 228
Loop 229
Loop 230
Loop 231
Loop 232
Loop 233
Loop 234
Loop 235
Loop 236
Loop 237
Loop 238
Loop 239
Loop 240
Loop 241
Loop 242
Loop 243
Loop 244
Loop 245
Loop 246
Loop 247
Loop 248
Loop 249
Loop 250
Loop 251
Loop 252
Loop 253
Loop 254
Loop 255
Loop 256
Loop 257
Loop 258
Loop 259
Loop 260
Loop 261
Loop 262
Loop 263
Loop 264
Loop 265
Loop 266
Loop 267
Loop 268
Loop 269
Loop 270
Loop 271
Loop 272
Loop 273
Loop 274
Loop 275
Loop 276
Loop 277
Loop 278
Loop 279
Loop 280
Loop 281
Loop 282
Loop 283
Loop 284
Loop 285
Loop 286
Loop 287
Loop 288
Loop 289
Loop 290
Loop 291
Loop 292
Loop 293
Loop 294
Loop 295
Loop 296
Loop 297
Loop 298
Loop 299
Loop 300
Loop 301
Loop 302
Loop 303
Loop 304
Loop 305
Loop 306
Loop 307
Loop 308
Loop 309
Loop 310
Loop 311
Loop 312
Loop 313
Loop 314
Loop 315
Loop 316
Loop 317
Loop 318
Loop 319
Loop 320
Loop 321
Loop 322
Loop 323
Loop 324
Loop 325
Loop 326
Loop 327
Loop 328
Loop 329
Loop 330
Loop 331
Loop 332
Loop 333
Loop 334
Loop 335
Loop 336
Loop 337
Loop 338
Loop 339
Loop 340
Loop 341
Loop 342
Loop 343
Loop 344
Loop 345
Loop 346
Loop 347
Loop 348
Loop 349
Loop 350
Loop 351
Loop 352
Loop 353
Loop 354
Loop 355
Loop 356
Loop 357
Loop 358
Loop 359
Loop 360
Loop 361
Loop 362
Loop 363
Loop 364
Loop 365
Loop 366
Loop 367
Loop 368
Loop 369
Loop 370
Loop 371
Loop 372
Loop 373
Loop 374
Loop 375
Loop 376
Loop 377
Loop 378
Loop 379
Loop 380
Loop 381
Loop 382
Loop 383
Loop 384
Loop 385
Loop 386
Loop 387
Loop 388
Loop 389
Loop 390
Loop 391
Loop 392
Loop 393
Loop 394
Loop 395
Loop 396
Loop 397
Loop 398
Loop 399
Loop 400
Loop 401
Loop 402
Loop 403
Loop 404
Loop 405
Loop 406
Loop 407
Loop 408
Loop 409
Loop 410
Loop 411
Loop 412
Loop 413
Loop 414
Loop 415
Loop 416
Loop 417
Loop 418
Loop 419
Loop 420
Loop 421
Loop 422
Loop 423
Loop 424
Loop 425
Loop 426
Loop 427
Loop 428
Loop 429
Loop 430
Loop 431
Loop 432
Loop 433
Loop 434
Loop 435
Loop 436
Loop 437
Loop 438
Loop 439
Loop 440
Loop 441
Loop 442
Loop 443
Loop 444
Loop 445
Loop 446
Loop 447
Loop 448
Loop 449
Loop 450
Loop 451
Loop 452
Loop 453
Loop 454
Loop 455
Loop 456
Loop 457
Loop 458
Loop 459
Loop 460
Loop 461
Loop 462
Loop 463
Loop 464
Loop 465
Loop 466
Loop 467
Loop 468
Loop 469
Loop 470
Loop 471
Loop 472
Loop 473
Loop 474
Loop 475
Loop 476
Loop 477
Loop 478
Loop 479
Loop 480
Loop 481
Loop 482
Loop 483
Loop 484
Loop 485
Loop 486
Loop 487
Loop 488
Loop 489
Loop 490
Loop 491
Loop 492
Loop 493
Loop 494
Loop 495
Loop 496
Loop 497
Loop 498
Loop 499
Loop 500
Loop 501
Loop 502
Loop 503
Loop 504
Loop 505
Loop 506
Loop 507
Loop 508
Loop 509
Loop 510
Loop 511
Loop 512
Loop 513
Loop 514
Loop 515
Loop 516
Loop 517
Loop 518
Loop 519
Loop 520
Loop 521
Loop 522
Loop 523
Loop 524
Loop 525
Loop 526
Loop 527
Loop 528
Loop 529
Loop 530
Loop 531
Loop 532
Loop 533
Loop 534
Loop 535
Loop 536
Loop 537
Loop 538
Loop 539
Loop 540
Loop 541
Loop 542
Loop 543
Loop 544
Loop 545
Loop 546
Loop 547
Loop 548
Loop 549
Loop 550
Loop 551
Loop 552
Loop 553
Loop 554
Loop 555
Loop 556
Loop 557
Loop 558
Loop 559
Loop 560
Loop 561
Loop 562
Loop 563
Loop 564
Loop 565
Loop 566
Loop 567
Loop 568
Loop 569
Loop 570
Loop 571
Loop 572
Loop 573
Loop 574
Loop 575
Loop 576
Loop 577
Loop 578
Loop 579
Loop 580
Loop 581
Loop 582
Loop 583
Loop 584
Loop 585
Loop 586
Loop 587
Loop 588
Loop 589
Loop 590
Loop 591
Loop 592
Loop 593
Loop 594
Loop 595
Loop 596
Loop 597
Loop 598
Loop 599
Loop 600
Loop 601
Loop 602
Loop 603
Loop 604
Loop 605
Loop 606
Loop 607
Loop 608
Loop 609
Loop 610
Loop 611
Loop 612
Loop 613
Loop 614
Loop 615
Loop 616
Loop 617
Loop 618
Loop 619
Loop 620
Loop 621
Loop 622
Loop 623
Loop 624
Loop 625
Loop 626
Loop 627
Loop 628
Loop 629
Loop 630
Loop 631
Loop 632
Loop 633
Loop 634
Loop 635
Loop 636
Loop 637
Loop 638
Loop 639
Loop 640
Loop 641
Loop 642
Loop 643
Loop 644
Loop 645
Loop 646
Loop 647
Loop 648
Loop 649
Loop 650
Loop 651
Loop 652
Loop 653
Loop 654
Loop 655
Loop 656
Loop 657
Loop 658
Loop 659
Loop 660
Loop 661
Loop 662
Loop 663
Loop 664
Loop 665
Loop 666
Loop 667
Loop 668
Loop 669
Loop 670
Loop 671
Loop 672
Loop 673
Loop 674
Loop 675
Loop 676
Loop 677
Loop 678
Loop 679
Loop 680
Loop 681
Loop 682
Loop 683
Loop 684
Loop 685
Loop 686
Loop 687
Loop 688
Loop 689
Loop 690
Loop 691
Loop 692
Loop 693
Loop 694
Loop 695
Loop 696
Loop 697
Loop 698
Loop 699
Loop 700
Loop 701
Loop 702
Loop 703
Loop 704
Loop 705
Loop 706
Loop 707
Loop 708
Loop 709
Loop 710
Loop 711
Loop 712
Loop 713
Loop 714
Loop 715
Loop 716
Loop 717
Loop 718
Loop 719
Loop 720
Loop 721
Loop 722
Loop 723
Loop 724
Loop 725
Loop 726
Loop 727
Loop 728
Loop 729
Loop 730
Loop 731
Loop 732
Loop 733
Loop 734
Loop 735
Loop 736
Loop 737
Loop 738
Loop 739
Loop 740
Loop 741
Loop 742
Loop 743
Loop 744
Loop 745
Loop 746
Loop 747
Loop 748
Loop 749
Loop 750
Loop 751
Loop 752
Loop 753
Loop 754
Loop 755
Loop 756
Loop 757
Loop 758
Loop 759
Loop 760
Loop 761
Loop 762
Loop 763
Loop 764
Loop 765
Loop 766
Loop 767
Loop 768
Loop 769
Loop 770
Loop 771
Loop 772
Loop 773
Loop 774
Loop 775
Loop 776
Loop 777
Loop 778
Loop 779
Loop 780
Loop 781
Loop 782
Loop 783
Loop 784
Loop 785
Loop 786
Loop 787
Loop 788
Loop 789
Loop 790
Loop 791
Loop 792
Loop 793
Loop 794
Loop 795
Loop 796
Loop 797
Loop 798
Loop 799
Loop 800
Loop 801
Loop 802
Loop 803
Loop 804
Loop 805
Loop 806
Loop 807
Loop 808
Loop 809
Loop 810
Loop 811
Loop 812
Loop 813
Loop 814
Loop 815
Loop 816
Loop 817
Loop 818
Loop 819
Loop 820
Loop 821
Loop 822
Loop 823
Loop 824
Loop 825
Loop 826
Loop 827
Loop 828
Loop 829
Loop 830
Loop 831
Loop 832
Loop 833
Loop 834
Loop 835
Loop 836
Loop 837
Loop 838
Loop 839
Loop 840
Loop 841
Loop 842
Loop 843
Loop 844
Loop 845
Loop 846
Loop 847
Loop 848
Loop 849
Loop 850
Loop 851
Loop 852
Loop 853
Loop 854
Loop 855
Loop 856
Loop 857
Loop 858
Loop 859
Loop 860
Loop 861
Loop 862
Loop 863
Loop 864
Loop 865
Loop 866
Loop 867
Loop 868
Loop 869
Loop 870
Loop 871
Loop 872
Loop 873
Loop 874
Loop 875
Loop 876
Loop 877
Loop 878
Loop 879
Loop 880
Loop 881
Loop 882
Loop 883
Loop 884
Loop 885
Loop 886
Loop 887
Loop 888
Loop 889
Loop 890
Loop 891
Loop 892
Loop 893
Loop 894
Loop 895
Loop 896
Loop 897
Loop 898
Loop 899
Loop 900
Loop 901
Loop 902
Loop 903
Loop 904
Loop 905
Loop 906
Loop 907
Loop 908
Loop 909
Loop 910
Loop 911
Loop 912
Loop 913
Loop 914
Loop 915
Loop 916
Loop 917
Loop 918
Loop 919
Loop 920
Loop 921
Loop 922
Loop 923
Loop 924
Loop 925
Loop 926
Loop 927
Loop 928
Loop 929
Loop 930
Loop 931
Loop 932
Loop 933
Loop 934
Loop 935
Loop 936
Loop 937
Loop 938
Loop 939
Loop 940
Loop 941
Loop 942
Loop 943
Loop 944
Loop 945
Loop 946
Loop 947
Loop 948
Loop 949
Loop 950
Loop 951
Loop 952
Loop 953
Loop 954
Loop 955
Loop 956
Loop 957
Loop 958
Loop 959
Loop 960
Loop 961
Loop 962
Loop 963
Loop 964
Loop 965
Loop 966
Loop 967
Loop 968
Loop 969
Loop 970
Loop 971
Loop 972
Loop 973
Loop 974
Loop 975
Loop 976
Loop 977
Loop 978
Loop 979
Loop 980
Loop 981
Loop 982
Loop 983
Loop 984
Loop 985
Loop 986
Loop 987
Loop 988
Loop 989
Loop 990
Loop 991
Loop 992
Loop 993
Loop 994
Loop 995
Loop 996
Loop 997
Loop 998
Loop 999
Loop 1000
Loop 1001
Loop 1002
Loop 1003
Loop 1004
Loop 1005
Loop 1006
Loop 1007
Loop 1008
Loop 1009
Loop 1010
Loop 1011
Loop 1012
Loop 1013
Loop 1014
Loop 1015
Loop 1016
Loop 1017
Loop 1018
Loop 1019
Loop 1020
Loop 1021
Loop 1022
Loop 1023
Loop 1024
Loop 1025
Loop 1026
Loop 1027
Loop 1028
Loop 1029
Loop 1030
Loop 1031
Loop 1032
Loop 1033
Loop 1034
Loop 1035
Loop 1036
Loop 1037
Loop 1038
Loop 1039
Loop 1040
Loop 1041
Loop 1042
Loop 1043
Loop 1044
Loop 1045
Loop 1046
Loop 1047
Loop 1048
Loop 1049
Loop 1050
Loop 1051
Loop 1052
Loop 1053
Loop 1054
Loop 1055
Loop 1056
Loop 1057
Loop 1058
Loop 1059
Loop 1060
Loop 1061
Loop 1062
Loop 1063
Loop 1064
Loop 1065
Loop 1066
Loop 1067
Loop 1068
Loop 1069
Loop 1070
Loop 1071
Loop 1072
Loop 1073
Loop 1074
Loop 1075
Loop 1076
Loop 1077
Loop 1078
Loop 1079
Loop 1080
Loop 1081
Loop 1082
Loop 1083
Loop 1084
Loop 1085
Loop 1086
Loop 1087
Loop 1088
Loop 1089
Loop 1090
Loop 1091
Loop 1092
Loop 1093
Loop 1094
Loop 1095
Loop 1096
Loop 1097
Loop 1098
Loop 1099
Loop 1100
Loop 1101
Loop 1102
Loop 1103
Loop 1104
Loop 1105
Loop 1106
Loop 1107
Loop 1108
Loop 1109
Loop 1110
Loop 1111
Loop 1112
Loop 1113
Loop 1114
Loop 1115
Loop 1116
Loop 1117
Loop 1118
Loop 1119
Loop 1120
Loop 1121
Loop 1122
Loop 1123
Loop 1124
Loop 1125
Loop 1126
Loop 1127
Loop 1128
Loop 1129
Loop 1130
Loop 1131
Loop 1132
Loop 1133
Loop 1134
Loop 1135
Loop 1136
Loop 1137
Loop 1138
Loop 1139
Loop 1140
Loop 1141
Loop 1142
Loop 1143
Loop 1144
Loop 1145
Loop 1146
Loop 1147
Loop 1148
Loop 1149
Loop 1150
Loop 1151
Loop 1152
Loop 1153
Loop 1154
Loop 1155
Loop 1156
Loop 1157
Loop 1158
Loop 1159
Loop 1160
Loop 1161
Loop 1162
Loop 1163
Loop 1164
Loop 1165
Loop 1166
Loop 1167
Loop 1168
Loop 1169
Loop 1170
Loop 1171
Loop 1172
Loop 1173
Loop 1174
Loop 1175
Loop 1176
Loop 1177
Loop 1178
Loop 1179
Loop 1180
Loop 1181
Loop 1182
Loop 1183
Loop 1184
Loop 1185
Loop 1186
Loop 1187
Loop 1188
Loop 1189
Loop 1190
Loop 1191
Loop 1192
Loop 1193
Loop 1194
Loop 1195
Loop 1196
Loop 1197
Loop 1198
Loop 1199
Loop 1200
Loop 1201
Loop 1202
Loop 1203
Loop 1204
Loop 1205
Loop 1206
Loop 1207
Loop 1208
Loop 1209
Loop 1210
Loop 1211
Loop 1212
Loop 1213
Loop 1214
Loop 1215
Loop 1216
Loop 1217
Loop 1218
Loop 1219
Loop 1220
Loop 1221
Loop 1222
Loop 1223
Loop 1224
Loop 1225
Loop 1226
Loop 1227
Loop 1228
Loop 1229
Loop 1230
Loop 1231
Loop 1232
Loop 1233
Loop 1234
Loop 1235
Loop 1236
Loop 1237
Loop 1238
Loop 1239
Loop 1240
Loop 1241
Loop 1242
Loop 1243
Loop 1244
Loop 1245
Loop 1246
Loop 1247
Loop 1248
Loop 1249
Loop 1250
Loop 1251
Loop 1252
Loop 1253
Loop 1254
Loop 1255
Loop 1256
Loop 1257
Loop 1258
Loop 1259
Loop 1260
Loop 1261
Loop 1262
Loop 1263
Loop 1264
Loop 1265
Loop 1266
Loop 1267
Loop 1268
Loop 1269
Loop 1270
Loop 1271
Loop 1272
Loop 1273
Loop 1274
Loop 1275
Loop 1276
Loop 1277
Loop 1278
Loop 1279
Loop 1280
Loop 1281
Loop 1282
Loop 1283
Loop 1284
Loop 1285
Loop 1286
Loop 1287
Loop 1288
Loop 1289
Loop 1290
Loop 1291
Loop 1292
Loop 1293
Loop 1294
Loop 1295
Loop 1296
Loop 1297
Loop 1298
Loop 1299
Loop 1300
Loop 1301
Loop 1302
Loop 1303
Loop 1304
Loop 1305
Loop 1306
Loop 1307
Loop 1308
Loop 1309
Loop 1310
Loop 1311
Loop 1312
Loop 1313
Loop 1314
Loop 1315
Loop 1316
Loop 1317
Loop 1318
Loop 1319
Loop 1320
Loop 1321
Loop 1322
Loop 1323
Loop 1324
Loop 1325
Loop 1326
Loop 1327
Loop 1328
Loop 1329
Loop 1330
Loop 1331
Loop 1332
Loop 1333
Loop 1334
Loop 1335
Loop 1336
Loop 1337
Loop 1338
Loop 1339
Loop 1340
Loop 1341
Loop 1342
Loop 1343
Loop 1344
Loop 1345
Loop 1346
Loop 1347
Loop 1348
Loop 1349
Loop 1350
Loop 1351
Loop 1352
Loop 1353
Loop 1354
Loop 1355
Loop 1356
Loop 1357
Loop 1358
Loop 1359
Loop 1360
Loop 1361
Loop 1362
Loop 1363
Loop 1364
Loop 1365
Loop 1366
Loop 1367
Loop 1368
Loop 1369
Loop 1370
Loop 1371
Loop 1372
Loop 1373
Loop 1374
Loop 1375
Loop 1376
Loop 1377
Loop 1378
Loop 1379
Loop 1380
Loop 1381
Loop 1382
Loop 1383
Loop 1384
Loop 1385
Loop 1386
Loop 1387
Loop 1388
Loop 1389
Loop 1390
Loop 1391
Loop 1392
Loop 1393
Loop 1394
Loop 1395
Loop 1396
Loop 1397
Loop 1398
Loop 1399
Loop 1400
Loop 1401
Loop 1402
Loop 1403
Loop 1404
Loop 1405
Loop 1406
Loop 1407
Loop 1408
Loop 1409
Loop 1410
Loop 1411
Loop 1412
Loop 1413
Loop 1414
Loop 1415
Loop 1416
Loop 1417
Loop 1418
Loop 1419
Loop 1420
Loop 1421
Loop 1422
Loop 1423
Loop 1424
Loop 1425
Loop 1426
Loop 1427
Loop 1428
Loop 1429
Loop 1430
Loop 1431
Loop 1432
Loop 1433
Loop 1434
Loop 1435
Loop 1436
Loop 1437
Loop 1438
Loop 1439
Loop 1440
Loop 1441
Loop 1442
Loop 1443
Loop 1444
Loop 1445
Loop 1446
Loop 1447
Loop 1448
Loop 1449
Loop 1450
Loop 1451
Loop 1452
Loop 1453
Loop 1454
Loop 1455
Loop 1456
Loop 1457
Loop 1458
Loop 1459
Loop 1460
Loop 1461
Loop 1462
Loop 1463
Loop 1464
Loop 1465
Loop 1466
Loop 1467
Loop 1468
Loop 1469
Loop 1470
Loop 1471
Loop 1472
Loop 1473
Loop 1474
Loop 1475
Loop 1476
Loop 1477
Loop 1478
Loop 1479
Loop 1480
Loop 1481
Loop 1482
Loop 1483
Loop 1484
Loop 1485
Loop 1486
Loop 1487
Loop 1488
Loop 1489
Loop 1490
Loop 1491
Loop 1492
Loop 1493
Loop 1494
Loop 1495
Loop 1496
Loop 1497
Loop 1498
Loop 1499
Loop 1500
Loop 1501
Loop 1502
Loop 1503
Loop 1504
Loop 1505
Loop 1506
Loop 1507
Loop 1508
Loop 1509
Loop 1510
Loop 1511
Loop 1512
Loop 1513
Loop 1514
Loop 1515
Loop 1516
Loop 1517
Loop 1518
Loop 1519
Loop 1520
Loop 1521
Loop 1522
Loop 1523
Loop 1524
Loop 1525
Loop 1526
Loop 1527
Loop 1528
Loop 1529
Loop 1530
Loop 1531
Loop 1532
Loop 1533
Loop 1534
Loop 1535
Loop 1536
Loop 1537
Loop 1538
Loop 1539
Loop 1540
Loop 1541
Loop 1542
Loop 1543
Loop 1544
Loop 1545
Loop 1546
Loop 1547
Loop 1548
Loop 1549
Loop 1550
Loop 1551
Loop 1552
Loop 1553
Loop 1554
Loop 1555
Loop 1556
Loop 1557
Loop 1558
Loop 1559
Loop 1560
Loop 1561
Loop 1562
Loop 1563
Loop 1564
Loop 1565
Loop 1566
Loop 1567
Loop 1568
Loop 1569
Loop 1570
Loop 1571
Loop 1572
Loop 1573
Loop 1574
Loop 1575
Loop 1576
Loop 1577
Loop 1578
Loop 1579
Loop 1580
Loop 1581
Loop 1582
Loop 1583
Loop 1584
Loop 1585
Loop 1586
Loop 1587
Loop 1588
Loop 1589
Loop 1590
Loop 1591
Loop 1592
Loop 1593
Loop 1594
Loop 1595
Loop 1596
Loop 1597
Loop 1598
Loop 1599
Loop 1600
Loop 1601
Loop 1602
Loop 1603
Loop 1604
Loop 1605
Loop 1606
Loop 1607
Loop 1608
Loop 1609
Loop 1610
Loop 1611
Loop 1612
Loop 1613
Loop 1614
Loop 1615
Loop 1616
Loop 1617
Loop 1618
Loop 1619
Loop 1620
Loop 1621
Loop 1622
Loop 1623
Loop 1624
Loop 1625
Loop 1626
Loop 1627
Loop 1628
Loop 1629
Loop 1630
Loop 1631
Loop 1632
Loop 1633
Loop 1634
Loop 1635
Loop 1636
Loop 1637
Loop 1638
Loop 1639
Loop 1640
Loop 1641
Loop 1642
Loop 1643
Loop 1644
Loop 1645
Loop 1646
Loop 1647
Loop 1648
Loop 1649
Loop 1650
Loop 1651
Loop 1652
Loop 1653
Loop 1654
Loop 1655
Loop 1656
Loop 1657
Loop 1658
Loop 1659
Loop 1660
Loop 1661
Loop 1662
Loop 1663
Loop 1664
Loop 1665
Loop 1666
Loop 1667
Loop 1668
Loop 1669
Loop 1670
Loop 1671
Loop 1672
Loop 1673
Loop 1674
Loop 1675
Loop 1676
Loop 1677
Loop 1678
Loop 1679
Loop 1680
Loop 1681
Loop 1682
Loop 1683
Loop 1684
Loop 1685
Loop 1686
Loop 1687
Loop 1688
Loop 1689
Loop 1690
Loop 1691
Loop 1692
Loop 1693
Loop 1694
Loop 1695
Loop 1696
Loop 1697
Loop 1698
Loop 1699
Loop 1700
Loop 1701
Loop 1702
Loop 1703
Loop 1704
Loop 1705
Loop 1706
Loop 1707
Loop 1708
Loop 1709
Loop 1710
Loop 1711
Loop 1712
Loop 1713
Loop 1714
Loop 1715
Loop 1716
Loop 1717
Loop 1718
Loop 1719
Loop 1720
Loop 1721
Loop 1722
Loop 1723
Loop 1724
Loop 1725
Loop 1726
Loop 1727
Loop 1728
Loop 1729
Loop 1730
Loop 1731
Loop 1732
Loop 1733
Loop 1734
Loop 1735
Loop 1736
Loop 1737
Loop 1738
Loop 1739
Loop 1740
Loop 1741
Loop 1742
Loop 1743
Loop 1744
Loop 1745
Loop 1746
Loop 1747
Loop 1748
Loop 1749
Loop 1750
Loop 1751
Loop 1752
Loop 1753
Loop 1754
Loop 1755
Loop 1756
Loop 1757
Loop 1758
Loop 1759
Loop 1760
Loop 1761
Loop 1762
Loop 1763
Loop 1764
Loop 1765
Loop 1766
Loop 1767
Loop 1768
Loop 1769
Loop 1770
Loop 1771
Loop 1772
Loop 1773
Loop 1774
Loop 1775
Loop 1776
Loop 1777
Loop 1778
Loop 1779
Loop 1780
Loop 1781
Loop 1782
Loop 1783
Loop 1784
Loop 1785
Loop 1786
Loop 1787
Loop 1788
Loop 1789
Loop 1790
Loop 1791
Loop 1792
Loop 1793
Loop 1794
Loop 1795
Loop 1796
Loop 1797
Loop 1798
Loop 1799
Loop 1800
Loop 1801
Loop 1802
Loop 1803
Loop 1804
Loop 1805
Loop 1806
Loop 1807
Loop 1808
Loop 1809
Loop 1810
Loop 1811
Loop 1812
Loop 1813
Loop 1814
Loop 1815
Loop 1816
Loop 1817
Loop 1818
Loop 1819
Loop 1820
Loop 1821
Loop 1822
Loop 1823
Loop 1824
Loop 1825
Loop 1826
Loop 1827
Loop 1828
Loop 1829
Loop 1830
Loop 1831
Loop 1832
Loop 1833
Loop 1834
Loop 1835
Loop 1836
Loop 1837
Loop 1838
Loop 1839
Loop 1840
Loop 1841
Loop 1842
Loop 1843
Loop 1844
Loop 1845
Loop 1846
Loop 1847
Loop 1848
Loop 1849
Loop 1850
Loop 1851
Loop 1852
Loop 1853
Loop 1854
Loop 1855
Loop 1856
Loop 1857
Loop 1858
Loop 1859
Loop 1860
Loop 1861
Loop 1862
Loop 1863
Loop 1864
Loop 1865
Loop 1866
Loop 1867
Loop 1868
Loop 1869
Loop 1870
Loop 1871
Loop 1872
Loop 1873
Loop 1874
Loop 1875
Loop 1876
Loop 1877
Loop 1878
Loop 1879
Loop 1880
Loop 1881
Loop 1882
Loop 1883
Loop 1884
Loop 1885
Loop 1886
Loop 1887
Loop 1888
Loop 1889
Loop 1890
Loop 1891
Loop 1892
Loop 1893
Loop 1894
Loop 1895
Loop 1896
Loop 1897
Loop 1898
Loop 1899
Loop 1900
Loop 1901
Loop 1902
Loop 1903
Loop 1904
Loop 1905
Loop 1906
Loop 1907
Loop 1908
Loop 1909
Loop 1910
Loop 1911
Loop 1912
Loop 1913
Loop 1914
Loop 1915
Loop 1916
Loop 1917
Loop 1918
Loop 1919
Loop 1920
Loop 1921
Loop 1922
Loop 1923
Loop 1924
Loop 1925
Loop 1926
Loop 1927
Loop 1928
Loop 1929
Loop 1930
Loop 1931
Loop 1932
Loop 1933
Loop 1934
Loop 1935
Loop 1936
Loop 1937
Loop 1938
Loop 1939
Loop 1940
Loop 1941
Loop 1942
Loop 1943
Loop 1944
Loop 1945
Loop 1946
Loop 1947
Loop 1948
Loop 1949
Loop 1950
Loop 1951
Loop 1952
Loop 1953
Loop 1954
Loop 1955
Loop 1956
Loop 1957
Loop 1958
Loop 1959
Loop 1960
Loop 1961
Loop 1962
Loop 1963
Loop 1964
Loop 1965
Loop 1966
Loop 1967
Loop 1968
Loop 1969
Loop 1970
Loop 1971
Loop 1972
Loop 1973
Loop 1974
Loop 1975
Loop 1976
Loop 1977
Loop 1978
Loop 1979
Loop 1980
Loop 1981
Loop 1982
Loop 1983
Loop 1984
Loop 1985
Loop 1986
Loop 1987
Loop 1988
Loop 1989
Loop 1990
Loop 1991
Loop 1992
Loop 1993
Loop 1994
Loop 1995
Loop 1996
Loop 1997
Loop 1998
Loop 1999
Loop 2000
Loop 2001
Loop 2002
Loop 2003
Loop 2004
Loop 2005
Loop 2006
Loop 2007
Loop 2008
Loop 2009
Loop 2010
Loop 2011
Loop 2012
Loop 2013
Loop 2014
Loop 2015
Loop 2016
Loop 2017
Loop 2018
Loop 2019
Loop 2020
Loop 2021
Loop 2022
Loop 2023
Loop 2024
Loop 2025
Loop 2026
Loop 2027
Loop 2028
Loop 2029
Loop 2030
Loop 2031
Loop 2032
Loop 2033
Loop 2034
Loop 2035
Loop 2036
Loop 2037
Loop 2038
Loop 2039
Loop 2040
Loop 2041
Loop 2042
Loop 2043
Loop 2044
Loop 2045
Loop 2046
Loop 2047
Loop 2048
Loop 2049
Loop 2050
Loop 2051
Loop 2052
Loop 2053
Loop 2054
Loop 2055
Loop 2056
Loop 2057
Loop 2058
Loop 2059
Loop 2060
Loop 2061
Loop 2062
Loop 2063
Loop 2064
Loop 2065
Loop 2066
Loop 2067
Loop 2068
Loop 2069
Loop 2070
Loop 2071
Loop 2072
Loop 2073
Loop 2074
Loop 2075
Loop 2076
Loop 2077
Loop 2078
Loop 2079
Loop 2080
Loop 2081
Loop 2082
Loop 2083
Loop 2084
Loop 2085
Loop 2086
Loop 2087
Loop 2088
Loop 2089
Loop 2090
Loop 2091
Loop 2092
Loop 2093
Loop 2094
Loop 2095
Loop 2096
Loop 2097
Loop 2098
Loop 2099
Loop 2100
Loop 2101
Loop 2102
Loop 2103
Loop 2104
Loop 2105
Loop 2106
Loop 2107
Loop 2108
Loop 2109
Loop 2110
Loop 2111
Loop 2112
Loop 2113
Loop 2114
Loop 2115
Loop 2116
Loop 2117
Loop 2118
Loop 2119
Loop 2120
Loop 2121
Loop 2122
Loop 2123
Loop 2124
Loop 2125
Loop 2126
Loop 2127
Loop 2128
Loop 2129
Loop 2130
Loop 2131
Loop 2132
Loop 2133
Loop 2134
Loop 2135
Loop 2136
Loop 2137
Loop 2138
Loop 2139
Loop 2140
Loop 2141
Loop 2142
Loop 2143
Loop 2144
Loop 2145
Loop 2146
Loop 2147
Loop 2148
Loop 2149
Loop 2150
Loop 2151
Loop 2152
Loop 2153
Loop 2154
Loop 2155
Loop 2156
Loop 2157
Loop 2158
Loop 2159
Loop 2160
Loop 2161
Loop 2162
Loop 2163
Loop 2164
Loop 2165
Loop 2166
Loop 2167
Loop 2168
Loop 2169
Loop 2170
Loop 2171
Loop 2172
Loop 2173
Loop 2174
Loop 2175
Loop 2176
Loop 2177
Loop 2178
Loop 2179
Loop 2180
Loop 2181
Loop 2182
Loop 2183
Loop 2184
Loop 2185
Loop 2186
Loop 2187
Loop 2188
Loop 2189
Loop 2190
Loop 2191
Loop 2192
Loop 2193
Loop 2194
Loop 2195
Loop 2196
Loop 2197
Loop 2198
Loop 2199
Loop 2200
Loop 2201
Loop 2202
Loop 2203
Loop 2204
Loop 2205
Loop 2206
Loop 2207
Loop 2208
Loop 2209
Loop 2210
Loop 2211
Loop 2212
Loop 2213
Loop 2214
Loop 2215
Loop 2216
Loop 2217
Loop 2218
Loop 2219
Loop 2220
Loop 2221
Loop 2222
Loop 2223
Loop 2224
Loop 2225
Loop 2226
Loop 2227
Loop 2228
Loop 2229
Loop 2230
Loop 2231
Loop 2232
Loop 2233
Loop 2234
Loop 2235
Loop 2236
Loop 2237
Loop 2238
Loop 2239
Loop 2240
Loop 2241
Loop 2242
Loop 2243
Loop 2244
Loop 2245
Loop 2246
Loop 2247
Loop 2248
Loop 2249
Loop 2250
Loop 2251
Loop 2252
Loop 2253
Loop 2254
Loop 2255
Loop 2256
Loop 2257
Loop 2258
Loop 2259
Loop 2260
Loop 2261
Loop 2262
Loop 2263
Loop 2264
Loop 2265
Loop 2266
Loop 2267
Loop 2268
Loop 2269
Loop 2270
Loop 2271
Loop 2272
Loop 2273
Loop 2274
Loop 2275
Loop 2276
Loop 2277
Loop 2278
Loop 2279
Loop 2280
Loop 2281
Loop 2282
Loop 2283
Loop 2284
Loop 2285
Loop 2286
Loop 2287
Loop 2288
Loop 2289
Loop 2290
Loop 2291
Loop 2292
Loop 2293
Loop 2294
Loop 2295
Loop 2296
Loop 2297
Loop 2298
Loop 2299
Loop 2300
Loop 2301
Loop 2302
Loop 2303
Loop 2304
Loop 2305
Loop 2306
Loop 2307
Loop 2308
Loop 2309
Loop 2310
Loop 2311
Loop 2312
Loop 2313
Loop 2314
Loop 2315
Loop 2316
Loop 2317
Loop 2318
Loop 2319
Loop 2320
Loop 2321
Loop 2322
Loop 2323
Loop 2324
Loop 2325
Loop 2326
Loop 2327
Loop 2328
Loop 2329
Loop 2330
Loop 2331
Loop 2332
Loop 2333
Loop 2334
Loop 2335
Loop 2336
Loop 2337
Loop 2338
Loop 2339
Loop 2340
Loop 2341
Loop 2342
Loop 2343
Loop 2344
Loop 2345
Loop 2346
Loop 2347
Loop 2348
Loop 2349
Loop 2350
Loop 2351
Loop 2352
Loop 2353
Loop 2354
Loop 2355
Loop 2356
Loop 2357
Loop 2358
Loop 2359
Loop 2360
Loop 2361
Loop 2362
Loop 2363
Loop 2364
Loop 2365
Loop 2366
Loop 2367
Loop 2368
Loop 2369
Loop 2370
Loop 2371
Loop 2372
Loop 2373
Loop 2374
Loop 2375
Loop 2376
Loop 2377
Loop 2378
Loop 2379
Loop 2380
Loop 2381
Loop 2382
Loop 2383
Loop 2384
Loop 2385
Loop 2386
Loop 2387
Loop 2388
Loop 2389
Loop 2390
Loop 2391
Loop 2392
Loop 2393
Loop 2394
Loop 2395
Loop 2396
Loop 2397
Loop 2398
Loop 2399
Loop 2400
Loop 2401
Loop 2402
Loop 2403
Loop 2404
Loop 2405
Loop 2406
Loop 2407
Loop 2408
Loop 2409
Loop 2410
Loop 2411
Loop 2412
Loop 2413
Loop 2414
Loop 2415
Loop 2416
Loop 2417
Loop 2418
Loop 2419
Loop 2420
Loop 2421
Loop 2422
Loop 2423
Loop 2424
Loop 2425
Loop 2426
Loop 2427
Loop 2428
Loop 2429
Loop 2430
Loop 2431
Loop 2432
Loop 2433
Loop 2434
Loop 2435
Loop 2436
Loop 2437
Loop 2438
Loop 2439
Loop 2440
Loop 2441
Loop 2442
Loop 2443
Loop 2444
Loop 2445
Loop 2446
Loop 2447
Loop 2448
Loop 2449
Loop 2450
Loop 2451
Loop 2452
Loop 2453
Loop 2454
Loop 2455
Loop 2456
Loop 2457
Loop 2458
Loop 2459
Loop 2460
Loop 2461
Loop 2462
Loop 2463
Loop 2464
Loop 2465
Loop 2466
Loop 2467
Loop 2468
Loop 2469
Loop 2470
Loop 2471
Loop 2472
Loop 2473
Loop 2474
Loop 2475
Loop 2476
Loop 2477
Loop 2478
Loop 2479
Loop 2480
Loop 2481
Loop 2482
Loop 2483
Loop 2484
Loop 2485
Loop 2486
Loop 2487
Loop 2488
Loop 2489
Loop 2490
Loop 2491
Loop 2492
Loop 2493
Loop 2494
Loop 2495
Loop 2496
Loop 2497
Loop 2498
Loop 2499
Loop 2500
Loop 2501
Loop 2502
Loop 2503
Loop 2504
Loop 2505
Loop 2506
Loop 2507
Loop 2508
Loop 2509
Loop 2510
Loop 2511
Loop 2512
Loop 2513
Loop 2514
Loop 2515
Loop 2516
Loop 2517
Loop 2518
Loop 2519
Loop 2520
Loop 2521
Loop 2522
Loop 2523
Loop 2524
Loop 2525
Loop 2526
Loop 2527
Loop 2528
Loop 2529
Loop 2530
Loop 2531
Loop 2532
Loop 2533
Loop 2534
Loop 2535
Loop 2536
Loop 2537
Loop 2538
Loop 2539
Loop 2540
Loop 2541
Loop 2542
Loop 2543
Loop 2544
Loop 2545
Loop 2546
Loop 2547
Loop 2548
Loop 2549
Loop 2550
Loop 2551
Loop 2552
Loop 2553
Loop 2554
Loop 2555
Loop 2556
Loop 2557
Loop 2558
Loop 2559
Loop 2560
Loop 2561
Loop 2562
Loop 2563
Loop 2564
Loop 2565
Loop 2566
Loop 2567
Loop 2568
Loop 2569
Loop 2570
Loop 2571
Loop 2572
Loop 2573
Loop 2574
Loop 2575
Loop 2576
Loop 2577
Loop 2578
Loop 2579
Loop 2580
Loop 2581
Loop 2582
Loop 2583
Loop 2584
Loop 2585
Loop 2586
Loop 2587
Loop 2588
Loop 2589
Loop 2590
Loop 2591
Loop 2592
Loop 2593
Loop 2594
Loop 2595
Loop 2596
Loop 2597
Loop 2598
Loop 2599
Loop 2600
Loop 2601
Loop 2602
Loop 2603
Loop 2604
Loop 2605
Loop 2606
Loop 2607
Loop 2608
Loop 2609
Loop 2610
Loop 2611
Loop 2612
Loop 2613
Loop 2614
Loop 2615
Loop 2616
Loop 2617
Loop 2618
Loop 2619
Loop 2620
Loop 2621
Loop 2622
Loop 2623
Loop 2624
Loop 2625
Loop 2626
Loop 2627
Loop 2628
Loop 2629
Loop 2630
Loop 2631
Loop 2632
Loop 2633
Loop 2634
Loop 2635
Loop 2636
Loop 2637
Loop 2638
Loop 2639
Loop 2640
Loop 2641
Loop 2642
Loop 2643
Loop 2644
Loop 2645
Loop 2646
Loop 2647
Loop 2648
Loop 2649
Loop 2650
Loop 2651
Loop 2652
Loop 2653
Loop 2654
Loop 2655
Loop 2656
Loop 2657
Loop 2658
Loop 2659
Loop 2660
Loop 2661
Loop 2662
Loop 2663
Loop 2664
Loop 2665
Loop 2666
Loop 2667
Loop 2668
Loop 2669
Loop 2670
Loop 2671
Loop 2672
Loop 2673
Loop 2674
Loop 2675
Loop 2676
Loop 2677
Loop 2678
Loop 2679
Loop 2680
Loop 2681
Loop 2682
Loop 2683
Loop 2684
Loop 2685
Loop 2686
Loop 2687
Loop 2688
Loop 2689
Loop 2690
Loop 2691
Loop 2692
Loop 2693
Loop 2694
Loop 2695
Loop 2696
Loop 2697
Loop 2698
Loop 2699
Loop 2700
Loop 2701
Loop 2702
Loop 2703
Loop 2704
Loop 2705
Loop 2706
Loop 2707
Loop 2708
Loop 2709
Loop 2710
Loop 2711
Loop 2712
Loop 2713
Loop 2714
Loop 2715
Loop 2716
Loop 2717
Loop 2718
Loop 2719
Loop 2720
Loop 2721
Loop 2722
Loop 2723
Loop 2724
Loop 2725
Loop 2726
Loop 2727
Loop 2728
Loop 2729
Loop 2730
Loop 2731
Loop 2732
Loop 2733
Loop 2734
Loop 2735
Loop 2736
Loop 2737
Loop 2738
Loop 2739
Loop 2740
Loop 2741
Loop 2742
Loop 2743
Loop 2744
Loop 2745
Loop 2746
Loop 2747
Loop 2748
Loop 2749
Loop 2750
Loop 2751
Loop 2752
Loop 2753
Loop 2754
Loop 2755
Loop 2756
Loop 2757
Loop 2758
Loop 2759
Loop 2760
Loop 2761
Loop 2762
Loop 2763
Loop 2764
Loop 2765
Loop 2766
Loop 2767
Loop 2768
Loop 2769
Loop 2770
Loop 2771
Loop 2772
Loop 2773
Loop 2774
Loop 2775
Loop 2776
Loop 2777
Loop 2778
Loop 2779
Loop 2780
Loop 2781
Loop 2782
Loop 2783
Loop 2784
Loop 2785
Loop 2786
Loop 2787
Loop 2788
Loop 2789
Loop 2790
Loop 2791
Loop 2792
Loop 2793
Loop 2794
Loop 2795
Loop 2796
Loop 2797
Loop 2798
Loop 2799
Loop 2800
Loop 2801
Loop 2802
Loop 2803
Loop 2804
Loop 2805
Loop 2806
Loop 2807
Loop 2808
Loop 2809
Loop 2810
Loop 2811
Loop 2812
Loop 2813
Loop 2814
Loop 2815
Loop 2816
Loop 2817
Loop 2818
Loop 2819
Loop 2820
Loop 2821
Loop 2822
Loop 2823
Loop 2824
Loop 2825
Loop 2826
Loop 2827
Loop 2828
Loop 2829
Loop 2830
Loop 2831
Loop 2832
Loop 2833
Loop 2834
Loop 2835
Loop 2836
Loop 2837
Loop 2838
Loop 2839
Loop 2840
Loop 2841
Loop 2842
Loop 2843
Loop 2844
Loop 2845
Loop 2846
Loop 2847
Loop 2848
Loop 2849
Loop 2850
Loop 2851
Loop 2852
Loop 2853
Loop 2854
Loop 2855
Loop 2856
Loop 2857
Loop 2858
Loop 2859
Loop 2860
Loop 2861
Loop 2862
Loop 2863
Loop 2864
Loop 2865
Loop 2866
Loop 2867
Loop 2868
Loop 2869
Loop 2870
Loop 2871
Loop 2872
Loop 2873
Loop 2874
Loop 2875
Loop 2876
Loop 2877
Loop 2878
Loop 2879
Loop 2880
Loop 2881
Loop 2882
Loop 2883
Loop 2884
Loop 2885
Loop 2886
Loop 2887
Loop 2888
Loop 2889
Loop 2890
Loop 2891
Loop 2892
Loop 2893
Loop 2894
Loop 2895
Loop 2896
Loop 2897
Loop 2898
Loop 2899
Loop 2900
Loop 2901
Loop 2902
Loop 2903
Loop 2904
Loop 2905
Loop 2906
Loop 2907
Loop 2908
Loop 2909
Loop 2910
Loop 2911
Loop 2912
Loop 2913
Loop 2914
Loop 2915
Loop 2916
Loop 2917
Loop 2918
Loop 2919
Loop 2920
Loop 2921
Loop 2922
Loop 2923
Loop 2924
Loop 2925
Loop 2926
Loop 2927
Loop 2928
Loop 2929
Loop 2930
Loop 2931
Loop 2932
Loop 2933
Loop 2934
Loop 2935
Loop 2936
Loop 2937
Loop 2938
Loop 2939
Loop 2940
Loop 2941
Loop 2942
Loop 2943
Loop 2944
Loop 2945
Loop 2946
Loop 2947
Loop 2948
Loop 2949
Loop 2950
Loop 2951
Loop 2952
Loop 2953
Loop 2954
Loop 2955
Loop 2956
Loop 2957
Loop 2958
Loop 2959
Loop 2960
Loop 2961
Loop 2962
Loop 2963
Loop 2964
Loop 2965
Loop 2966
Loop 2967
Loop 2968
Loop 2969
Loop 2970
Loop 2971
Loop 2972
Loop 2973
Loop 2974
Loop 2975
Loop 2976
Loop 2977
Loop 2978
Loop 2979
Loop 2980
Loop 2981
Loop 2982
Loop 2983
Loop 2984
Loop 2985
Loop 2986
Loop 2987
Loop 2988
Loop 2989
Loop 2990
Loop 2991
Loop 2992
Loop 2993
Loop 2994
Loop 2995
Loop 2996
Loop 2997
Loop 2998
Loop 2999
Loop 3000
Loop 3001
Loop 3002
Loop 3003
Loop 3004
Loop 3005
Loop 3006
Loop 3007
Loop 3008
Loop 3009
Loop 3010
Loop 3011
Loop 3012
Loop 3013
Loop 3014
Loop 3015
Loop 3016
Loop 3017
Loop 3018
Loop 3019
Loop 3020
Loop 3021
Loop 3022
Loop 3023
Loop 3024
Loop 3025
Loop 3026
Loop 3027
Loop 3028
Loop 3029
Loop 3030
Loop 3031
Loop 3032
Loop 3033
Loop 3034
Loop 3035
Loop 3036
Loop 3037
Loop 3038
Loop 3039
Loop 3040
Loop 3041
Loop 3042
Loop 3043
Loop 3044
Loop 3045
Loop 3046
Loop 3047
Loop 3048
Loop 3049
Loop 3050
Loop 3051
Loop 3052
Loop 3053
Loop 3054
Loop 3055
Loop 3056
Loop 3057
Loop 3058
Loop 3059
Loop 3060
Loop 3061
Loop 3062
Loop 3063
Loop 3064
Loop 3065
Loop 3066
Loop 3067
Loop 3068
Loop 3069
Loop 3070
Loop 3071
Loop 3072
Loop 3073
Loop 3074
Loop 3075
Loop 3076
Loop 3077
Loop 3078
Loop 3079
Loop 3080
Loop 3081
Loop 3082
Loop 3083
Loop 3084
Loop 3085
Loop 3086
Loop 3087
Loop 3088
Loop 3089
Loop 3090
Loop 3091
Loop 3092
Loop 3093
Loop 3094
Loop 3095
Loop 3096
Loop 3097
Loop 3098
Loop 3099
Loop 3100
Loop 3101
Loop 3102
Loop 3103
Loop 3104
Loop 3105
Loop 3106
Loop 3107
Loop 3108
Loop 3109
Loop 3110
Loop 3111
Loop 3112
Loop 3113
Loop 3114
Loop 3115
Loop 3116
Loop 3117
Loop 3118
Loop 3119
Loop 3120
Loop 3121
Loop 3122
Loop 3123
Loop 3124
Loop 3125
Loop 3126
Loop 3127
Loop 3128
Loop 3129
Loop 3130
Loop 3131
Loop 3132
Loop 3133
Loop 3134
Loop 3135
Loop 3136
Loop 3137
Loop 3138
Loop 3139
Loop 3140
Loop 3141
Loop 3142
Loop 3143
Loop 3144
Loop 3145
Loop 3146
Loop 3147
Loop 3148
Loop 3149
Loop 3150
Loop 3151
Loop 3152
Loop 3153
Loop 3154
Loop 3155
Loop 3156
Loop 3157
Loop 3158
Loop 3159
Loop 3160
Loop 3161
Loop 3162
Loop 3163
Loop 3164
Loop 3165
Loop 3166
Loop 3167
Loop 3168
Loop 3169
Loop 3170
Loop 3171
Loop 3172
Loop 3173
Loop 3174
Loop 3175
Loop 3176
Loop 3177
Loop 3178
Loop 3179
Loop 3180
Loop 3181
Loop 3182
Loop 3183
Loop 3184
Loop 3185
Loop 3186
Loop 3187
Loop 3188
Loop 3189
Loop 3190
Loop 3191
Loop 3192
Loop 3193
Loop 3194
Loop 3195
Loop 3196
Loop 3197
Loop 3198
Loop 3199
Loop 3200
Loop 3201
Loop 3202
Loop 3203
Loop 3204
Loop 3205
Loop 3206
Loop 3207
Loop 3208
Loop 3209
Loop 3210
Loop 3211
Loop 3212
Loop 3213
Loop 3214
Loop 3215
Loop 3216
Loop 3217
Loop 3218
Loop 3219
Loop 3220
Loop 3221
Loop 3222
Loop 3223
Loop 3224
Loop 3225
Loop 3226
Loop 3227
Loop 3228
Loop 3229
Loop 3230
Loop 3231
Loop 3232
Loop 3233
Loop 3234
Loop 3235
Loop 3236
Loop 3237
Loop 3238
Loop 3239
Loop 3240
Loop 3241
Loop 3242
Loop 3243
Loop 3244
Loop 3245
Loop 3246
Loop 3247
Loop 3248
Loop 3249
Loop 3250
Loop 3251
Loop 3252
Loop 3253
Loop 3254
Loop 3255
Loop 3256
Loop 3257
Loop 3258
Loop 3259
Loop 3260
Loop 3261
Loop 3262
Loop 3263
Loop 3264
Loop 3265
Loop 3266
Loop 3267
Loop 3268
Loop 3269
Loop 3270
Loop 3271
Loop 3272
Loop 3273
Loop 3274
Loop 3275
Loop 3276
Loop 3277
Loop 3278
Loop 3279
Loop 3280
Loop 3281
Loop 3282
Loop 3283
Loop 3284
Loop 3285
Loop 3286
Loop 3287
Loop 3288
Loop 3289
Loop 3290
Loop 3291
Loop 3292
Loop 3293
Loop 3294
Loop 3295
Loop 3296
Loop 3297
Loop 3298
Loop 3299
Loop 3300
Loop 3301
Loop 3302
Loop 3303
Loop 3304
Loop 3305
Loop 3306
Loop 3307
Loop 3308
Loop 3309
Loop 3310
Loop 3311
Loop 3312
Loop 3313
Loop 3314
Loop 3315
Loop 3316
Loop 3317
Loop 3318
Loop 3319
Loop 3320
Loop 3321
Loop 3322
Loop 3323
Loop 3324
Loop 3325
Loop 3326
Loop 3327
Loop 3328
Loop 3329
Loop 3330
Loop 3331
Loop 3332
Loop 3333
Loop 3334
Loop 3335
Loop 3336
Loop 3337
Loop 3338
Loop 3339
Loop 3340
Loop 3341
Loop 3342
Loop 3343
Loop 3344
Loop 3345
Loop 3346
Loop 3347
Loop 3348
Loop 3349
Loop 3350
Loop 3351
Loop 3352
Loop 3353
Loop 3354
Loop 3355
Loop 3356
Loop 3357
Loop 3358
Loop 3359
Loop 3360
Loop 3361
Loop 3362
Loop 3363
Loop 3364
Loop 3365
Loop 3366
Loop 3367
Loop 3368
Loop 3369
Loop 3370
Loop 3371
Loop 3372
Loop 3373
Loop 3374
Loop 3375
Loop 3376
Loop 3377
Loop 3378
Loop 3379
Loop 3380
Loop 3381
Loop 3382
Loop 3383
Loop 3384
Loop 3385
Loop 3386
Loop 3387
Loop 3388
Loop 3389
Loop 3390
Loop 3391
Loop 3392
Loop 3393
Loop 3394
Loop 3395
Loop 3396
Loop 3397
Loop 3398
Loop 3399
Loop 3400
Loop 3401
Loop 3402
Loop 3403
Loop 3404
Loop 3405
Loop 3406
Loop 3407
Loop 3408
Loop 3409
Loop 3410
Loop 3411
Loop 3412
Loop 3413
Loop 3414
Loop 3415
Loop 3416
Loop 3417
Loop 3418
Loop 3419
Loop 3420
Loop 3421
Loop 3422
Loop 3423
Loop 3424
Loop 3425
Loop 3426
Loop 3427
Loop 3428
Loop 3429
Loop 3430
Loop 3431
Loop 3432
Loop 3433
Loop 3434
Loop 3435
Loop 3436
Loop 3437
Loop 3438
Loop 3439
Loop 3440
Loop 3441
Loop 3442
Loop 3443
Loop 3444
Loop 3445
Loop 3446
Loop 3447
Loop 3448
Loop 3449
Loop 3450
Loop 3451
Loop 3452
Loop 3453
Loop 3454
Loop 3455
Loop 3456
Loop 3457
Loop 3458
Loop 3459
Loop 3460
Loop 3461
Loop 3462
Loop 3463
Loop 3464
Loop 3465
Loop 3466
Loop 3467
Loop 3468
Loop 3469
Loop 3470
Loop 3471
Loop 3472
Loop 3473
Loop 3474
Loop 3475
Loop 3476
Loop 3477
Loop 3478
Loop 3479
Loop 3480
Loop 3481
Loop 3482
Loop 3483
Loop 3484
Loop 3485
Loop 3486
Loop 3487
Loop 3488
Loop 3489
Loop 3490
Loop 3491
Loop 3492
Loop 3493
Loop 3494
Loop 3495
Loop 3496
Loop 3497
Loop 3498
Loop 3499
Loop 3500
Loop 3501
Loop 3502
Loop 3503
Loop 3504
Loop 3505
Loop 3506
Loop 3507
Loop 3508
Loop 3509
Loop 3510
Loop 3511
Loop 3512
Loop 3513
Loop 3514
Loop 3515
Loop 3516
Loop 3517
Loop 3518
Loop 3519
Loop 3520
Loop 3521
Loop 3522
Loop 3523
Loop 3524
Loop 3525
Loop 3526
Loop 3527
Loop 3528
Loop 3529
Loop 3530
Loop 3531
Loop 3532
Loop 3533
Loop 3534
Loop 3535
Loop 3536
Loop 3537
Loop 3538
Loop 3539
Loop 3540
Loop 3541
Loop 3542
Loop 3543
Loop 3544
Loop 3545
Loop 3546
Loop 3547
Loop 3548
Loop 3549
Loop 3550
Loop 3551
Loop 3552
Loop 3553
Loop 3554
Loop 3555
Loop 3556
Loop 3557
Loop 3558
Loop 3559
Loop 3560
Loop 3561
Loop 3562
Loop 3563
Loop 3564
Loop 3565
Loop 3566
Loop 3567
Loop 3568
Loop 3569
Loop 3570
Loop 3571
Loop 3572
Loop 3573
Loop 3574
Loop 3575
Loop 3576
Loop 3577
Loop 3578
Loop 3579
Loop 3580
Loop 3581
Loop 3582
Loop 3583
Loop 3584
Loop 3585
Loop 3586
Loop 3587
Loop 3588
Loop 3589
Loop 3590
Loop 3591
Loop 3592
Loop 3593
Loop 3594
Loop 3595
Loop 3596
Loop 3597
Loop 3598
Loop 3599
Loop 3600
Loop 3601
Loop 3602
Loop 3603
Loop 3604
Loop 3605
Loop 3606
Loop 3607
Loop 3608
Loop 3609
Loop 3610
Loop 3611
Loop 3612
Loop 3613
Loop 3614
Loop 3615
Loop 3616
Loop 3617
Loop 3618
Loop 3619
Loop 3620
Loop 3621
Loop 3622
Loop 3623
Loop 3624
Loop 3625
Loop 3626
Loop 3627
Loop 3628
Loop 3629
Loop 3630
Loop 3631
Loop 3632
Loop 3633
Loop 3634
Loop 3635
Loop 3636
Loop 3637
Loop 3638
Loop 3639
Loop 3640
Loop 3641
Loop 3642
Loop 3643
Loop 3644
Loop 3645
Loop 3646
Loop 3647
Loop 3648
Loop 3649
Loop 3650
Loop 3651
Loop 3652
Loop 3653
Loop 3654
Loop 3655
Loop 3656
Loop 3657
Loop 3658
Loop 3659
Loop 3660
Loop 3661
Loop 3662
Loop 3663
Loop 3664
Loop 3665
Loop 3666
Loop 3667
Loop 3668
Loop 3669
Loop 3670
Loop 3671
Loop 3672
Loop 3673
Loop 3674
Loop 3675
Loop 3676
Loop 3677
Loop 3678
Loop 3679
Loop 3680
Loop 3681
Loop 3682
Loop 3683
Loop 3684
Loop 3685
Loop 3686
Loop 3687
Loop 3688
Loop 3689
Loop 3690
Loop 3691
Loop 3692
Loop 3693
Loop 3694
Loop 3695
Loop 3696
Loop 3697
Loop 3698
Loop 3699
Loop 3700
Loop 3701
Loop 3702
Loop 3703
Loop 3704
Loop 3705
Loop 3706
Loop 3707
Loop 3708
Loop 3709
Loop 3710
Loop 3711
Loop 3712
Loop 3713
Loop 3714
Loop 3715
Loop 3716
Loop 3717
Loop 3718
Loop 3719
Loop 3720
Loop 3721
Loop 3722
Loop 3723
Loop 3724
Loop 3725
Loop 3726
Loop 3727
Loop 3728
Loop 3729
Loop 3730
Loop 3731
Loop 3732
Loop 3733
Loop 3734
Loop 3735
Loop 3736
Loop 3737
Loop 3738
Loop 3739
Loop 3740
Loop 3741
Loop 3742
Loop 3743
Loop 3744
Loop 3745
Loop 3746
Loop 3747
Loop 3748
Loop 3749
Loop 3750
Loop 3751
Loop 3752
Loop 3753
Loop 3754
Loop 3755
Loop 3756
Loop 3757
Loop 3758
Loop 3759
Loop 3760
Loop 3761
Loop 3762
Loop 3763
Loop 3764
Loop 3765
Loop 3766
Loop 3767
Loop 3768
Loop 3769
Loop 3770
Loop 3771
Loop 3772
Loop 3773
Loop 3774
Loop 3775
Loop 3776
Loop 3777
Loop 3778
Loop 3779
Loop 3780
Loop 3781
Loop 3782
Loop 3783
Loop 3784
Loop 3785
Loop 3786
Loop 3787
Loop 3788
Loop 3789
Loop 3790
Loop 3791
Loop 3792
Loop 3793
Loop 3794
Loop 3795
Loop 3796
Loop 3797
Loop 3798
Loop 3799
Loop 3800
Loop 3801
Loop 3802
Loop 3803
Loop 3804
Loop 3805
Loop 3806
Loop 3807
Loop 3808
Loop 3809
Loop 3810
Loop 3811
Loop 3812
Loop 3813
Loop 3814
Loop 3815
Loop 3816
Loop 3817
Loop 3818
Loop 3819
Loop 3820
Loop 3821
Loop 3822
Loop 3823
Loop 3824
Loop 3825
Loop 3826
Loop 3827
Loop 3828
Loop 3829
Loop 3830
Loop 3831
Loop 3832
Loop 3833
Loop 3834
Loop 3835
Loop 3836
Loop 3837
Loop 3838
Loop 3839
Loop 3840
Loop 3841
Loop 3842
Loop 3843
Loop 3844
Loop 3845
Loop 3846
Loop 3847
Loop 3848
Loop 3849
Loop 3850
Loop 3851
Loop 3852
Loop 3853
Loop 3854
Loop 3855
Loop 3856
Loop 3857
Loop 3858
Loop 3859
Loop 3860
Loop 3861
Loop 3862
Loop 3863
Loop 3864
Loop 3865
Loop 3866
Loop 3867
Loop 3868
Loop 3869
Loop 3870
Loop 3871
Loop 3872
Loop 3873
Loop 3874
Loop 3875
Loop 3876
Loop 3877
Loop 3878
Loop 3879
Loop 3880
Loop 3881
Loop 3882
Loop 3883
Loop 3884
Loop 3885
Loop 3886
Loop 3887
Loop 3888
Loop 3889
Loop 3890
Loop 3891
Loop 3892
Loop 3893
Loop 3894
Loop 3895
Loop 3896
Loop 3897
Loop 3898
Loop 3899
Loop 3900
Loop 3901
Loop 3902
Loop 3903
Loop 3904
Loop 3905
Loop 3906
Loop 3907
Loop 3908
Loop 3909
Loop 3910
Loop 3911
Loop 3912
Loop 3913
Loop 3914
Loop 3915
Loop 3916
Loop 3917
Loop 3918
Loop 3919
Loop 3920
Loop 3921
Loop 3922
Loop 3923
Loop 3924
Loop 3925
Loop 3926
Loop 3927
Loop 3928
Loop 3929
Loop 3930
Loop 3931
Loop 3932
Loop 3933
Loop 3934
Loop 3935
Loop 3936
Loop 3937
Loop 3938
Loop 3939
Loop 3940
Loop 3941
Loop 3942
Loop 3943
Loop 3944
Loop 3945
Loop 3946
Loop 3947
Loop 3948
Loop 3949
Loop 3950
Loop 3951
Loop 3952
Loop 3953
Loop 3954
Loop 3955
Loop 3956
Loop 3957
Loop 3958
Loop 3959
Loop 3960
Loop 3961
Loop 3962
Loop 3963
Loop 3964
Loop 3965
Loop 3966
Loop 3967
Loop 3968
Loop 3969
Loop 3970
Loop 3971
Loop 3972
Loop 3973
Loop 3974
Loop 3975
Loop 3976
Loop 3977
Loop 3978
Loop 3979
Loop 3980
Loop 3981
Loop 3982
Loop 3983
Loop 3984
Loop 3985
Loop 3986
Loop 3987
Loop 3988
Loop 3989
Loop 3990
Loop 3991
Loop 3992
Loop 3993
Loop 3994
Loop 3995
Loop 3996
Loop 3997
Loop 3998
Loop 3999
Loop 4000
Loop 4001
Loop 4002
Loop 4003
Loop 4004
Loop 4005
Loop 4006
Loop 4007
Loop 4008
Loop 4009
Loop 4010
Loop 4011
Loop 4012
Loop 4013
Loop 4014
Loop 4015
Loop 4016
Loop 4017
Loop 4018
Loop 4019
Loop 4020
Loop 4021
Loop 4022
Loop 4023
Loop 4024
Loop 4025
Loop 4026
Loop 4027
Loop 4028
Loop 4029
Loop 4030
Loop 4031
Loop 4032
Loop 4033
Loop 4034
Loop 4035
Loop 4036
Loop 4037
Loop 4038
Loop 4039
Loop 4040
Loop 4041
Loop 4042
Loop 4043
Loop 4044
Loop 4045
Loop 4046
Loop 4047
Loop 4048
Loop 4049
Loop 4050
Loop 4051
Loop 4052
Loop 4053
Loop 4054
Loop 4055
Loop 4056
Loop 4057
Loop 4058
Loop 4059
Loop 4060
Loop 4061
Loop 4062
Loop 4063
Loop 4064
Loop 4065
Loop 4066
Loop 4067
Loop 4068
Loop 4069
Loop 4070
Loop 4071
Loop 4072
Loop 4073
Loop 4074
Loop 4075
Loop 4076
Loop 4077
Loop 4078
Loop 4079
Loop 4080
Loop 4081
Loop 4082
Loop 4083
Loop 4084
Loop 4085
Loop 4086
Loop 4087
Loop 4088
Loop 4089
Loop 4090
Loop 4091
Loop 4092
Loop 4093
Loop 4094
Loop 4095
2016-07-27 04:33:59.113 (WARN ) [0x40001b48fd0] :378320:ibm.runjob.client.Job: 12 INFO RAS events
2016-07-27 04:33:59.114 (WARN ) [0x40001b48fd0] :378320:ibm.runjob.client.Job: most recent RAS event text: DDR Correctable Error Summary : count=1 MCFIR error status:  [MEMORY_CE] This bit is set when a memory CE is detected on a non-maintenance memory read op;
2016-07-27 04:33:59.114 (WARN ) [0x40001b48fd0] :378320:ibm.runjob.client.Job: with severity INFO
ENDED
Wed Jul 27 04:33:59 EDT 2016
